[INFO] 15:36:43:995 tp0/(5088:5088): Soy un log
[INFO] 15:42:04:195 tp0/(5321:5321): Soy un log
[INFO] 15:43:58:076 tp0/(5405:5405): Soy un log
[INFO] 15:43:58:076 tp0/(5405:5405): Hola, soy un valor
[INFO] 15:47:51:354 tp0/(5502:5502): Soy un log
[INFO] 15:47:51:360 tp0/(5502:5502): Hola, soy un valor
[INFO] 15:51:35:424 tp0/(5599:5599): Soy un log
[INFO] 15:51:35:426 tp0/(5599:5599): Hola, soy un valor
[INFO] 15:51:49:121 tp0/(5599:5599): estoy mandando algo por consola
[INFO] 15:51:59:581 tp0/(5599:5599): ahora mande otra linea
[INFO] 16:01:24:196 tp0/(5843:5843): Soy un log
[INFO] 16:01:24:202 tp0/(5843:5843): Hola, soy un valor
[INFO] 16:01:46:425 tp0/(5843:5843): deberia loguear esto
[INFO] 16:01:49:409 tp0/(5843:5843): esto tambien
[INFO] 16:02:36:763 tp0/(5889:5889): Soy un log
[INFO] 16:02:36:766 tp0/(5889:5889): Hola, soy un valor
[INFO] 16:02:39:199 tp0/(5889:5889): esto
[INFO] 16:02:51:599 tp0/(5912:5912): Soy un log
[INFO] 16:02:51:599 tp0/(5912:5912): Hola, soy un valor
[INFO] 16:04:41:445 tp0/(5983:5983): Soy un log
[INFO] 16:04:41:450 tp0/(5983:5983): Hola, soy un valor
[INFO] 16:04:45:245 tp0/(5983:5983): hola
[INFO] 16:04:48:429 tp0/(5983:5983): chau
[INFO] 16:10:14:013 tp0/(6271:6271): Soy un log
[INFO] 16:10:14:016 tp0/(6271:6271): Hola, soy un valor
[INFO] 16:10:19:264 tp0/(6271:6271): logueate
[INFO] 16:12:07:674 tp0/(6299:6299): Soy un log
[INFO] 16:12:07:676 tp0/(6299:6299): Hola, soy un valor
[INFO] 16:12:16:502 tp0/(6299:6299): logueatte
[INFO] 16:12:19:951 tp0/(6299:6299): ya
[INFO] 16:21:34:554 tp0/(6537:6537): Soy un log
[INFO] 16:21:34:561 tp0/(6537:6537): Hola, soy un valor
[INFO] 16:21:44:871 tp0/(6537:6537): holaaa
[INFO] 16:21:46:887 tp0/(6537:6537): ch
[INFO] 16:25:13:237 tp0/(6588:6588): Soy un log
[INFO] 16:25:13:238 tp0/(6588:6588): Hola, soy un valor
[INFO] 22:01:10:014 tp0/(3776:3776): Soy un log
[INFO] 22:01:10:015 tp0/(3776:3776): Hola, soy un valor
[INFO] 22:02:09:492 tp0/(3832:3832): Soy un log
[INFO] 22:02:09:494 tp0/(3832:3832): Hola, soy un valor
[INFO] 22:03:38:214 tp0/(3881:3881): Soy un log
[INFO] 22:03:38:217 tp0/(3881:3881): Hola, soy un valor
[INFO] 22:04:21:957 tp0/(4104:4104): Soy un log
[INFO] 22:04:21:969 tp0/(4104:4104): Hola, soy un valor
[INFO] 22:04:25:381 tp0/(4104:4104): gdfsgds
[INFO] 22:07:44:870 tp0/(4426:4426): Soy un log
[INFO] 22:07:44:871 tp0/(4426:4426): Hola, soy un valor
[INFO] 17:56:08:792 tp0/(3361:3361): Soy un log
[INFO] 17:56:08:793 tp0/(3361:3361): Hola, soy un valor
